g:\mega\eagle\semestr 9\roszka\inteligentnydom\inteligentnydom\debug\vc120.pdb
g:\mega\eagle\semestr 9\roszka\inteligentnydom\inteligentnydom\debug\vc120.idb
g:\mega\eagle\semestr 9\roszka\inteligentnydom\inteligentnydom\debug\acstoveagent.obj
g:\mega\eagle\semestr 9\roszka\inteligentnydom\inteligentnydom\debug\agent.obj
g:\mega\eagle\semestr 9\roszka\inteligentnydom\inteligentnydom\debug\controller.obj
g:\mega\eagle\semestr 9\roszka\inteligentnydom\inteligentnydom\debug\font.obj
g:\mega\eagle\semestr 9\roszka\inteligentnydom\inteligentnydom\debug\fontprinting.obj
g:\mega\eagle\semestr 9\roszka\inteligentnydom\inteligentnydom\debug\main.obj
g:\mega\eagle\semestr 9\roszka\inteligentnydom\inteligentnydom\debug\renderer.obj
g:\mega\eagle\semestr 9\roszka\inteligentnydom\inteligentnydom\debug\shutteragent.obj
g:\mega\eagle\semestr 9\roszka\inteligentnydom\inteligentnydom\debug\symulation.obj
g:\mega\eagle\semestr 9\roszka\inteligentnydom\inteligentnydom\debug\windowagnet.obj
g:\mega\eagle\semestr 9\roszka\inteligentnydom\debug\inteligentnydom.ilk
g:\mega\eagle\semestr 9\roszka\inteligentnydom\debug\inteligentnydom.exe
g:\mega\eagle\semestr 9\roszka\inteligentnydom\debug\inteligentnydom.pdb
g:\mega\eagle\semestr 9\roszka\inteligentnydom\inteligentnydom\debug\inteligentnydom.tlog\cl.command.1.tlog
g:\mega\eagle\semestr 9\roszka\inteligentnydom\inteligentnydom\debug\inteligentnydom.tlog\cl.read.1.tlog
g:\mega\eagle\semestr 9\roszka\inteligentnydom\inteligentnydom\debug\inteligentnydom.tlog\cl.write.1.tlog
g:\mega\eagle\semestr 9\roszka\inteligentnydom\inteligentnydom\debug\inteligentnydom.tlog\link.command.1.tlog
g:\mega\eagle\semestr 9\roszka\inteligentnydom\inteligentnydom\debug\inteligentnydom.tlog\link.read.1.tlog
g:\mega\eagle\semestr 9\roszka\inteligentnydom\inteligentnydom\debug\inteligentnydom.tlog\link.write.1.tlog
